<?xml version="1.0" encoding="UTF-8"?>
<testng-results skipped="0" failed="0" ignored="0" total="1" passed="1">
  <reporter-output>
  </reporter-output>
  <suite name="Default suite" duration-ms="180" started-at="2020-09-26T09:27:07 IST" finished-at="2020-09-26T09:27:07 IST">
    <groups>
    </groups>
    <test name="Default test" duration-ms="180" started-at="2020-09-26T09:27:07 IST" finished-at="2020-09-26T09:27:07 IST">
      <class name="ProjectWTG.LoginScreen">
        <test-method status="PASS" signature="LaunchBrowser()[pri:0, instance:ProjectWTG.LoginScreen@11438d26]" name="LaunchBrowser" duration-ms="47" started-at="2020-09-26T09:27:07 IST" finished-at="2020-09-26T09:27:07 IST">
          <reporter-output>
          </reporter-output>
        </test-method> <!-- LaunchBrowser -->
      </class> <!-- ProjectWTG.LoginScreen -->
    </test> <!-- Default test -->
  </suite> <!-- Default suite -->
</testng-results>
